<?xml version="1.0" encoding="UTF-8"?>
<!-- Generated by org.testng.reporters.JUnitReportReporter -->
<testsuite hostname="DESKTOP-BT8RT8I" failures="0" tests="1" name="testing.ShowUpdateTest" time="5.802" errors="0" timestamp="2023-07-07T09:10:44 GMT-07:00" skipped="0">
  <testcase classname="testing.ShowUpdateTest" name="ShowUpdate" time="5.802"/>
  <system-out/>
</testsuite> <!-- testing.ShowUpdateTest -->
