<?xml version="1.0" encoding="UTF-8"?>
<!-- Generated by org.testng.reporters.JUnitReportReporter -->
<testsuite hostname="DESKTOP-BT8RT8I" failures="0" tests="1" name="testing.AddMedicineTest" time="8.102" errors="0" timestamp="2023-07-07T09:10:44 GMT-07:00" skipped="0">
  <testcase classname="testing.AddMedicineTest" name="addmedicine" time="8.102"/>
  <system-out/>
</testsuite> <!-- testing.AddMedicineTest -->
