<?xml version="1.0" encoding="UTF-8"?>
<!-- Generated by org.testng.reporters.JUnitReportReporter -->
<testsuite hostname="DESKTOP-BT8RT8I" failures="0" tests="1" name="testing.AdminOrdersTest" time="3.453" errors="0" timestamp="2023-07-07T09:10:44 GMT-07:00" skipped="0">
  <testcase classname="testing.AdminOrdersTest" name="Adminorders" time="3.453"/>
  <system-out/>
</testsuite> <!-- testing.AdminOrdersTest -->
